mode: set
github.com/felipedsf/go-samples/multithreading/main.go:24.13,35.16 8 0
github.com/felipedsf/go-samples/multithreading/main.go:35.16,37.3 1 0
github.com/felipedsf/go-samples/multithreading/main.go:38.2,39.16 2 0
github.com/felipedsf/go-samples/multithreading/main.go:39.16,41.3 1 0
github.com/felipedsf/go-samples/multithreading/main.go:43.2,51.9 7 0
github.com/felipedsf/go-samples/multithreading/main.go:52.25,54.12 2 0
github.com/felipedsf/go-samples/multithreading/main.go:55.22,57.12 2 0
github.com/felipedsf/go-samples/multithreading/main.go:58.20,59.23 1 0
github.com/felipedsf/go-samples/multithreading/main.go:61.2,62.28 2 0
github.com/felipedsf/go-samples/multithreading/main.go:65.66,67.16 2 0
github.com/felipedsf/go-samples/multithreading/main.go:67.16,69.3 1 0
github.com/felipedsf/go-samples/multithreading/main.go:70.2,74.16 4 0
github.com/felipedsf/go-samples/multithreading/main.go:74.16,76.3 1 0
github.com/felipedsf/go-samples/multithreading/main.go:77.2,77.8 1 0
